2024-01-01T03:23:27.063+0900 [DEBUG] [org.gradle.launcher.daemon.bootstrap.DaemonMain] Assuming the daemon was started with following jvm opts: [-XX:MaxMetaspaceSize=512m, --add-opens=java.base/java.util=ALL-UNNAMED, --add-opens=java.base/java.lang=ALL-UNNAMED, --add-opens=java.base/java.lang.invoke=ALL-UNNAMED, --add-opens=java.prefs/java.util.prefs=ALL-UNNAMED, --add-opens=java.base/java.nio.charset=ALL-UNNAMED, --add-opens=java.base/java.net=ALL-UNNAMED, --add-opens=java.base/java.util.concurrent.atomic=ALL-UNNAMED, -Xmx2048m, -Dfile.encoding=UTF-8, -Duser.country=KR, -Duser.language=ko, -Duser.variant]
2024-01-01T03:23:27.136+0900 [INFO] [org.gradle.launcher.daemon.server.Daemon] start() called on daemon - DefaultDaemonContext[uid=473211d0-ad4a-4ad1-a4fb-fb7710492e91,javaHome=/Users/ki-younglee/Library/Java/JavaVirtualMachines/temurin-17.0.8.1/Contents/Home,daemonRegistryDir=/Users/ki-younglee/Desktop/quickC/android/gradle/wrapper/daemon,pid=33618,idleTimeout=10800000,priority=NORMAL,applyInstrumentationAgent=true,daemonOpts=-XX:MaxMetaspaceSize=512m,--add-opens=java.base/java.util=ALL-UNNAMED,--add-opens=java.base/java.lang=ALL-UNNAMED,--add-opens=java.base/java.lang.invoke=ALL-UNNAMED,--add-opens=java.prefs/java.util.prefs=ALL-UNNAMED,--add-opens=java.base/java.nio.charset=ALL-UNNAMED,--add-opens=java.base/java.net=ALL-UNNAMED,--add-opens=java.base/java.util.concurrent.atomic=ALL-UNNAMED,-Xmx2048m,-Dfile.encoding=UTF-8,-Duser.country=KR,-Duser.language=ko,-Duser.variant]
2024-01-01T03:23:27.159+0900 [DEBUG] [org.gradle.internal.remote.internal.inet.InetAddresses] Adding IP addresses for network interface utun3
2024-01-01T03:23:27.160+0900 [DEBUG] [org.gradle.internal.remote.internal.inet.InetAddresses] Is this a loopback interface? false
2024-01-01T03:23:27.160+0900 [DEBUG] [org.gradle.internal.remote.internal.inet.InetAddresses] Adding remote address /fe80:0:0:0:ce81:b1c:bd2c:69e%utun3
2024-01-01T03:23:27.160+0900 [DEBUG] [org.gradle.internal.remote.internal.inet.InetAddresses] Adding IP addresses for network interface utun2
2024-01-01T03:23:27.160+0900 [DEBUG] [org.gradle.internal.remote.internal.inet.InetAddresses] Is this a loopback interface? false
2024-01-01T03:23:27.160+0900 [DEBUG] [org.gradle.internal.remote.internal.inet.InetAddresses] Adding remote address /fe80:0:0:0:a976:219:e85d:30d5%utun2
2024-01-01T03:23:27.161+0900 [DEBUG] [org.gradle.internal.remote.internal.inet.InetAddresses] Adding IP addresses for network interface utun1
2024-01-01T03:23:27.161+0900 [DEBUG] [org.gradle.internal.remote.internal.inet.InetAddresses] Is this a loopback interface? false
2024-01-01T03:23:27.161+0900 [DEBUG] [org.gradle.internal.remote.internal.inet.InetAddresses] Adding remote address /fe80:0:0:0:ded5:1970:5e00:4d73%utun1
2024-01-01T03:23:27.161+0900 [DEBUG] [org.gradle.internal.remote.internal.inet.InetAddresses] Adding IP addresses for network interface utun0
2024-01-01T03:23:27.161+0900 [DEBUG] [org.gradle.internal.remote.internal.inet.InetAddresses] Is this a loopback interface? false
2024-01-01T03:23:27.161+0900 [DEBUG] [org.gradle.internal.remote.internal.inet.InetAddresses] Adding remote address /fe80:0:0:0:e04c:50b5:c330:6c7c%utun0
2024-01-01T03:23:27.161+0900 [DEBUG] [org.gradle.internal.remote.internal.inet.InetAddresses] Adding IP addresses for network interface llw0
2024-01-01T03:23:27.161+0900 [DEBUG] [org.gradle.internal.remote.internal.inet.InetAddresses] Is this a loopback interface? false
2024-01-01T03:23:27.161+0900 [DEBUG] [org.gradle.internal.remote.internal.inet.InetAddresses] Adding remote address /fe80:0:0:0:e0a5:76ff:fe34:8a53%llw0
2024-01-01T03:23:27.162+0900 [DEBUG] [org.gradle.internal.remote.internal.inet.InetAddresses] Adding IP addresses for network interface awdl0
2024-01-01T03:23:27.162+0900 [DEBUG] [org.gradle.internal.remote.internal.inet.InetAddresses] Is this a loopback interface? false
2024-01-01T03:23:27.162+0900 [DEBUG] [org.gradle.internal.remote.internal.inet.InetAddresses] Adding remote address /fe80:0:0:0:e0a5:76ff:fe34:8a53%awdl0
2024-01-01T03:23:27.162+0900 [DEBUG] [org.gradle.internal.remote.internal.inet.InetAddresses] Adding IP addresses for network interface ap1
2024-01-01T03:23:27.162+0900 [DEBUG] [org.gradle.internal.remote.internal.inet.InetAddresses] Is this a loopback interface? false
2024-01-01T03:23:27.162+0900 [DEBUG] [org.gradle.internal.remote.internal.inet.InetAddresses] Adding remote address /fe80:0:0:0:bcd0:74ff:fe64:d9fc%ap1
2024-01-01T03:23:27.162+0900 [DEBUG] [org.gradle.internal.remote.internal.inet.InetAddresses] Adding IP addresses for network interface en0
2024-01-01T03:23:27.162+0900 [DEBUG] [org.gradle.internal.remote.internal.inet.InetAddresses] Is this a loopback interface? false
2024-01-01T03:23:27.162+0900 [DEBUG] [org.gradle.internal.remote.internal.inet.InetAddresses] Adding remote address /fe80:0:0:0:88e:ec5a:a837:e0aa%en0
2024-01-01T03:23:27.162+0900 [DEBUG] [org.gradle.internal.remote.internal.inet.InetAddresses] Adding remote address /192.168.1.169
2024-01-01T03:23:27.162+0900 [DEBUG] [org.gradle.internal.remote.internal.inet.InetAddresses] Adding IP addresses for network interface lo0
2024-01-01T03:23:27.163+0900 [DEBUG] [org.gradle.internal.remote.internal.inet.InetAddresses] Is this a loopback interface? true
2024-01-01T03:23:27.163+0900 [DEBUG] [org.gradle.internal.remote.internal.inet.InetAddresses] Ignoring remote address on loopback interface /fe80:0:0:0:0:0:0:1%lo0
2024-01-01T03:23:27.163+0900 [DEBUG] [org.gradle.internal.remote.internal.inet.InetAddresses] Adding loopback address /0:0:0:0:0:0:0:1%lo0
2024-01-01T03:23:27.163+0900 [DEBUG] [org.gradle.internal.remote.internal.inet.InetAddresses] Adding loopback address /127.0.0.1
2024-01-01T03:23:27.166+0900 [DEBUG] [org.gradle.internal.remote.internal.inet.TcpIncomingConnector] Listening on [06832c98-d372-4617-8783-842ac99f4fd6 port:50646, addresses:[localhost/127.0.0.1]].
2024-01-01T03:23:27.173+0900 [DEBUG] [org.gradle.launcher.daemon.server.Daemon] Daemon starting at: Mon Jan 01 03:23:27 KST 2024, with address: [06832c98-d372-4617-8783-842ac99f4fd6 port:50646, addresses:[localhost/127.0.0.1]]
2024-01-01T03:23:27.174+0900 [INFO] [org.gradle.launcher.daemon.server.DaemonRegistryUpdater] Advertising the daemon address to the clients: [06832c98-d372-4617-8783-842ac99f4fd6 port:50646, addresses:[localhost/127.0.0.1]]
2024-01-01T03:23:27.174+0900 [DEBUG] [org.gradle.launcher.daemon.server.DaemonRegistryUpdater] Advertised daemon context: DefaultDaemonContext[uid=473211d0-ad4a-4ad1-a4fb-fb7710492e91,javaHome=/Users/ki-younglee/Library/Java/JavaVirtualMachines/temurin-17.0.8.1/Contents/Home,daemonRegistryDir=/Users/ki-younglee/Desktop/quickC/android/gradle/wrapper/daemon,pid=33618,idleTimeout=10800000,priority=NORMAL,applyInstrumentationAgent=true,daemonOpts=-XX:MaxMetaspaceSize=512m,--add-opens=java.base/java.util=ALL-UNNAMED,--add-opens=java.base/java.lang=ALL-UNNAMED,--add-opens=java.base/java.lang.invoke=ALL-UNNAMED,--add-opens=java.prefs/java.util.prefs=ALL-UNNAMED,--add-opens=java.base/java.nio.charset=ALL-UNNAMED,--add-opens=java.base/java.net=ALL-UNNAMED,--add-opens=java.base/java.util.concurrent.atomic=ALL-UNNAMED,-Xmx2048m,-Dfile.encoding=UTF-8,-Duser.country=KR,-Duser.language=ko,-Duser.variant]
2024-01-01T03:23:27.174+0900 [DEBUG] [org.gradle.launcher.daemon.registry.PersistentDaemonRegistry] Storing daemon address: [06832c98-d372-4617-8783-842ac99f4fd6 port:50646, addresses:[localhost/127.0.0.1]], context: DefaultDaemonContext[uid=473211d0-ad4a-4ad1-a4fb-fb7710492e91,javaHome=/Users/ki-younglee/Library/Java/JavaVirtualMachines/temurin-17.0.8.1/Contents/Home,daemonRegistryDir=/Users/ki-younglee/Desktop/quickC/android/gradle/wrapper/daemon,pid=33618,idleTimeout=10800000,priority=NORMAL,applyInstrumentationAgent=true,daemonOpts=-XX:MaxMetaspaceSize=512m,--add-opens=java.base/java.util=ALL-UNNAMED,--add-opens=java.base/java.lang=ALL-UNNAMED,--add-opens=java.base/java.lang.invoke=ALL-UNNAMED,--add-opens=java.prefs/java.util.prefs=ALL-UNNAMED,--add-opens=java.base/java.nio.charset=ALL-UNNAMED,--add-opens=java.base/java.net=ALL-UNNAMED,--add-opens=java.base/java.util.concurrent.atomic=ALL-UNNAMED,-Xmx2048m,-Dfile.encoding=UTF-8,-Duser.country=KR,-Duser.language=ko,-Duser.variant]
2024-01-01T03:23:27.183+0900 [DEBUG] [org.gradle.cache.internal.DefaultFileLockManager] Waiting to acquire exclusive lock on daemon addresses registry.
2024-01-01T03:23:27.185+0900 [DEBUG] [org.gradle.cache.internal.DefaultFileLockManager] Lock acquired on daemon addresses registry.
2024-01-01T03:23:27.187+0900 [DEBUG] [org.gradle.cache.internal.DefaultFileLockManager] Releasing lock on daemon addresses registry.
2024-01-01T03:23:27.187+0900 [LIFECYCLE] [org.gradle.launcher.daemon.server.Daemon] Daemon server started.
2024-01-01T03:23:27.188+0900 [DEBUG] [org.gradle.launcher.daemon.bootstrap.DaemonStartupCommunication] Completed writing the daemon greeting. Closing streams...
2024-01-01T03:23:27.190+0900 [DEBUG] [org.gradle.launcher.daemon.server.Daemon] stopOnExpiration() called on daemon
2024-01-01T03:23:27.190+0900 [DEBUG] [org.gradle.internal.remote.internal.inet.TcpIncomingConnector] Accepted connection from /127.0.0.1:50647 to /127.0.0.1:50646.
2024-01-01T03:23:27.190+0900 [DEBUG] [org.gradle.launcher.daemon.server.Daemon] awaitExpiration() called on daemon
2024-01-01T03:23:27.191+0900 [DEBUG] [org.gradle.launcher.daemon.server.DaemonStateCoordinator] daemon is running. Sleeping until state changes.
2024-01-01T03:23:27.214+0900 [DEBUG] [org.gradle.launcher.daemon.server.SynchronizedDispatchConnection] thread 21: received class org.gradle.launcher.daemon.protocol.Build
2024-01-01T03:23:27.214+0900 [DEBUG] [org.gradle.launcher.daemon.server.DefaultDaemonConnection] thread 21: Received non-IO message from client: Build{id=d9a43bcb-40b0-40b5-870d-18b4287bc13b, currentDir=/Users/ki-younglee/Desktop/quickC/android}
2024-01-01T03:23:27.215+0900 [INFO] [org.gradle.launcher.daemon.server.DefaultIncomingConnectionHandler] Received command: Build{id=d9a43bcb-40b0-40b5-870d-18b4287bc13b, currentDir=/Users/ki-younglee/Desktop/quickC/android}.
2024-01-01T03:23:27.215+0900 [DEBUG] [org.gradle.launcher.daemon.server.DefaultIncomingConnectionHandler] Starting executing command: Build{id=d9a43bcb-40b0-40b5-870d-18b4287bc13b, currentDir=/Users/ki-younglee/Desktop/quickC/android} with connection: socket connection from /127.0.0.1:50646 to /127.0.0.1:50647.
2024-01-01T03:23:27.216+0900 [DEBUG] [org.gradle.launcher.daemon.server.DaemonStateCoordinator] Command execution: started DaemonCommandExecution[command = Build{id=d9a43bcb-40b0-40b5-870d-18b4287bc13b, currentDir=/Users/ki-younglee/Desktop/quickC/android}, connection = DefaultDaemonConnection: socket connection from /127.0.0.1:50646 to /127.0.0.1:50647] after 0.0 minutes of idle
2024-01-01T03:23:27.216+0900 [INFO] [org.gradle.launcher.daemon.server.DaemonRegistryUpdater] Marking the daemon as busy, address: [06832c98-d372-4617-8783-842ac99f4fd6 port:50646, addresses:[localhost/127.0.0.1]]
2024-01-01T03:23:27.216+0900 [DEBUG] [org.gradle.launcher.daemon.registry.PersistentDaemonRegistry] Marking busy by address: [06832c98-d372-4617-8783-842ac99f4fd6 port:50646, addresses:[localhost/127.0.0.1]]
2024-01-01T03:23:27.217+0900 [DEBUG] [org.gradle.cache.internal.DefaultFileLockManager] Waiting to acquire exclusive lock on daemon addresses registry.
2024-01-01T03:23:27.217+0900 [DEBUG] [org.gradle.cache.internal.DefaultFileLockManager] Lock acquired on daemon addresses registry.
2024-01-01T03:23:27.217+0900 [DEBUG] [org.gradle.cache.internal.DefaultFileLockManager] Releasing lock on daemon addresses registry.
2024-01-01T03:23:27.217+0900 [DEBUG] [org.gradle.launcher.daemon.server.DaemonStateCoordinator] resetting idle timer
2024-01-01T03:23:27.218+0900 [DEBUG] [org.gradle.launcher.daemon.server.DaemonStateCoordinator] daemon is running. Sleeping until state changes.
2024-01-01T03:23:27.218+0900 [INFO] [org.gradle.launcher.daemon.server.exec.StartBuildOrRespondWithBusy] Daemon is about to start building Build{id=d9a43bcb-40b0-40b5-870d-18b4287bc13b, currentDir=/Users/ki-younglee/Desktop/quickC/android}. Dispatching build started information...
2024-01-01T03:23:27.218+0900 [DEBUG] [org.gradle.launcher.daemon.server.SynchronizedDispatchConnection] thread 23: dispatching org.gradle.launcher.daemon.protocol.BuildStarted@511eed62
2024-01-01T03:23:27.219+0900 [DEBUG] [org.gradle.launcher.daemon.server.SynchronizedDispatchConnection] thread 21: received class org.gradle.launcher.daemon.protocol.CloseInput
2024-01-01T03:23:27.219+0900 [DEBUG] [org.gradle.launcher.daemon.server.DefaultDaemonConnection] thread 21: Received IO message from client: org.gradle.launcher.daemon.protocol.CloseInput@63181140
2024-01-01T03:23:27.219+0900 [DEBUG] [org.gradle.launcher.daemon.server.exec.EstablishBuildEnvironment] Configuring env variables: [PATH, MANPATH, JAVA_HOME, HOMEBREW_PREFIX, ANDROID_HOME, COMMAND_MODE, NVM_INC, LOGNAME, HOMEBREW_REPOSITORY, XPC_SERVICE_NAME, INFOPATH, __CFBundleIdentifier, NVM_CD_FLAGS, NVM_DIR, SHELL, OLDPWD, HOMEBREW_CELLAR, USER, TMPDIR, SSH_AUTH_SOCK, XPC_FLAGS, __CF_USER_TEXT_ENCODING, LC_CTYPE, NVM_BIN, HOME]
2024-01-01T03:23:27.221+0900 [DEBUG] [org.gradle.launcher.daemon.server.exec.LogToClient] About to start relaying all logs to the client via the connection.
2024-01-01T03:23:27.221+0900 [INFO] [org.gradle.launcher.daemon.server.exec.LogToClient] The client will now receive all logging from the daemon (pid: 33618). The daemon log file: /Users/ki-younglee/Desktop/quickC/android/gradle/wrapper/daemon/8.3/daemon-33618.out.log
2024-01-01T03:23:27.222+0900 [INFO] [org.gradle.launcher.daemon.server.exec.LogAndCheckHealth] Starting build in new daemon [memory: 2 GiB]
2024-01-01T03:23:27.223+0900 [INFO] [org.gradle.launcher.daemon.server.exec.ForwardClientInput] Closing daemon's stdin at end of input.
2024-01-01T03:23:27.223+0900 [INFO] [org.gradle.launcher.daemon.server.exec.ForwardClientInput] The daemon will no longer process any standard input.
2024-01-01T03:23:27.223+0900 [DEBUG] [org.gradle.launcher.daemon.server.exec.ExecuteBuild] The daemon has started executing the build.
2024-01-01T03:23:27.223+0900 [DEBUG] [org.gradle.launcher.daemon.server.exec.ExecuteBuild] Executing build with daemon context: DefaultDaemonContext[uid=473211d0-ad4a-4ad1-a4fb-fb7710492e91,javaHome=/Users/ki-younglee/Library/Java/JavaVirtualMachines/temurin-17.0.8.1/Contents/Home,daemonRegistryDir=/Users/ki-younglee/Desktop/quickC/android/gradle/wrapper/daemon,pid=33618,idleTimeout=10800000,priority=NORMAL,applyInstrumentationAgent=true,daemonOpts=-XX:MaxMetaspaceSize=512m,--add-opens=java.base/java.util=ALL-UNNAMED,--add-opens=java.base/java.lang=ALL-UNNAMED,--add-opens=java.base/java.lang.invoke=ALL-UNNAMED,--add-opens=java.prefs/java.util.prefs=ALL-UNNAMED,--add-opens=java.base/java.nio.charset=ALL-UNNAMED,--add-opens=java.base/java.net=ALL-UNNAMED,--add-opens=java.base/java.util.concurrent.atomic=ALL-UNNAMED,-Xmx2048m,-Dfile.encoding=UTF-8,-Duser.country=KR,-Duser.language=ko,-Duser.variant]
:ReactNative:Unexpected empty result of running '[node, /Users/ki-younglee/Desktop/quickC/node_modules/@react-native-community/cli/build/bin.js, config]' command.
:ReactNative:Running '[node, /Users/ki-younglee/Desktop/quickC/node_modules/@react-native-community/cli/build/bin.js, config]' command failed.

FAILURE: Build failed with an exception.

* Where:
Script '/Users/ki-younglee/Desktop/quickC/node_modules/@react-native-community/cli-platform-android/native_modules.gradle' line: 391

* What went wrong:
A problem occurred evaluating script.
> React Native needs Node.js >= 18. You're currently on version v16.18.0. Please upgrade Node.js to a supported version and try again.

* Try:
> Run with --info or --debug option to get more log output.
> Run with --scan to get full insights.
> Get more help at https://help.gradle.org.

* Exception is:
org.gradle.api.GradleScriptException: A problem occurred evaluating script.
	at org.gradle.groovy.scripts.internal.DefaultScriptRunnerFactory$ScriptRunnerImpl.run(DefaultScriptRunnerFactory.java:93)
	at org.gradle.configuration.DefaultScriptPluginFactory$ScriptPluginImpl.lambda$apply$0(DefaultScriptPluginFactory.java:135)
	at org.gradle.configuration.DefaultScriptTarget.addConfiguration(DefaultScriptTarget.java:74)
	at org.gradle.configuration.DefaultScriptPluginFactory$ScriptPluginImpl.apply(DefaultScriptPluginFactory.java:138)
	at org.gradle.configuration.BuildOperationScriptPlugin$1.run(BuildOperationScriptPlugin.java:65)
	at org.gradle.internal.operations.DefaultBuildOperationRunner$1.execute(DefaultBuildOperationRunner.java:29)
	at org.gradle.internal.operations.DefaultBuildOperationRunner$1.execute(DefaultBuildOperationRunner.java:26)
	at org.gradle.internal.operations.DefaultBuildOperationRunner$2.execute(DefaultBuildOperationRunner.java:66)
	at org.gradle.internal.operations.DefaultBuildOperationRunner$2.execute(DefaultBuildOperationRunner.java:59)
	at org.gradle.internal.operations.DefaultBuildOperationRunner.execute(DefaultBuildOperationRunner.java:157)
	at org.gradle.internal.operations.DefaultBuildOperationRunner.execute(DefaultBuildOperationRunner.java:59)
	at org.gradle.internal.operations.DefaultBuildOperationRunner.run(DefaultBuildOperationRunner.java:47)
	at org.gradle.internal.operations.DefaultBuildOperationExecutor.run(DefaultBuildOperationExecutor.java:68)
	at org.gradle.configuration.BuildOperationScriptPlugin.lambda$apply$0(BuildOperationScriptPlugin.java:62)
	at org.gradle.configuration.internal.DefaultUserCodeApplicationContext.apply(DefaultUserCodeApplicationContext.java:44)
	at org.gradle.configuration.BuildOperationScriptPlugin.apply(BuildOperationScriptPlugin.java:62)
	at org.gradle.api.internal.plugins.DefaultObjectConfigurationAction.applyScript(DefaultObjectConfigurationAction.java:150)
	at org.gradle.api.internal.plugins.DefaultObjectConfigurationAction.access$000(DefaultObjectConfigurationAction.java:43)
	at org.gradle.api.internal.plugins.DefaultObjectConfigurationAction$1.run(DefaultObjectConfigurationAction.java:76)
	at org.gradle.api.internal.plugins.DefaultObjectConfigurationAction.execute(DefaultObjectConfigurationAction.java:184)
	at org.gradle.groovy.scripts.DefaultScript.apply(DefaultScript.java:133)
	at org.gradle.api.Script$apply.callCurrent(Unknown Source)
	at settings_bzvj0i5daniqf67niqh5n2jaz.run(/Users/ki-younglee/Desktop/quickC/android/settings.gradle:2)
	at org.gradle.groovy.scripts.internal.DefaultScriptRunnerFactory$ScriptRunnerImpl.run(DefaultScriptRunnerFactory.java:91)
	at org.gradle.configuration.DefaultScriptPluginFactory$ScriptPluginImpl.lambda$apply$0(DefaultScriptPluginFactory.java:135)
	at org.gradle.configuration.DefaultScriptTarget.addConfiguration(DefaultScriptTarget.java:74)
	at org.gradle.configuration.DefaultScriptPluginFactory$ScriptPluginImpl.apply(DefaultScriptPluginFactory.java:138)
	at org.gradle.configuration.BuildOperationScriptPlugin$1.run(BuildOperationScriptPlugin.java:65)
	at org.gradle.internal.operations.DefaultBuildOperationRunner$1.execute(DefaultBuildOperationRunner.java:29)
	at org.gradle.internal.operations.DefaultBuildOperationRunner$1.execute(DefaultBuildOperationRunner.java:26)
	at org.gradle.internal.operations.DefaultBuildOperationRunner$2.execute(DefaultBuildOperationRunner.java:66)
	at org.gradle.internal.operations.DefaultBuildOperationRunner$2.execute(DefaultBuildOperationRunner.java:59)
	at org.gradle.internal.operations.DefaultBuildOperationRunner.execute(DefaultBuildOperationRunner.java:157)
	at org.gradle.internal.operations.DefaultBuildOperationRunner.execute(DefaultBuildOperationRunner.java:59)
	at org.gradle.internal.operations.DefaultBuildOperationRunner.run(DefaultBuildOperationRunner.java:47)
	at org.gradle.internal.operations.DefaultBuildOperationExecutor.run(DefaultBuildOperationExecutor.java:68)
	at org.gradle.configuration.BuildOperationScriptPlugin.lambda$apply$0(BuildOperationScriptPlugin.java:62)
	at org.gradle.configuration.internal.DefaultUserCodeApplicationContext.apply(DefaultUserCodeApplicationContext.java:44)
	at org.gradle.configuration.BuildOperationScriptPlugin.apply(BuildOperationScriptPlugin.java:62)
	at org.gradle.initialization.ScriptEvaluatingSettingsProcessor.applySettingsScript(ScriptEvaluatingSettingsProcessor.java:75)
	at org.gradle.initialization.ScriptEvaluatingSettingsProcessor.process(ScriptEvaluatingSettingsProcessor.java:68)
	at org.gradle.initialization.SettingsEvaluatedCallbackFiringSettingsProcessor.process(SettingsEvaluatedCallbackFiringSettingsProcessor.java:34)
	at org.gradle.initialization.RootBuildCacheControllerSettingsProcessor.process(RootBuildCacheControllerSettingsProcessor.java:46)
	at org.gradle.initialization.BuildOperationSettingsProcessor$2.call(BuildOperationSettingsProcessor.java:49)
	at org.gradle.initialization.BuildOperationSettingsProcessor$2.call(BuildOperationSettingsProcessor.java:46)
	at org.gradle.internal.operations.DefaultBuildOperationRunner$CallableBuildOperationWorker.execute(DefaultBuildOperationRunner.java:204)
	at org.gradle.internal.operations.DefaultBuildOperationRunner$CallableBuildOperationWorker.execute(DefaultBuildOperationRunner.java:199)
	at org.gradle.internal.operations.DefaultBuildOperationRunner$2.execute(DefaultBuildOperationRunner.java:66)
	at org.gradle.internal.operations.DefaultBuildOperationRunner$2.execute(DefaultBuildOperationRunner.java:59)
	at org.gradle.internal.operations.DefaultBuildOperationRunner.execute(DefaultBuildOperationRunner.java:157)
	at org.gradle.internal.operations.DefaultBuildOperationRunner.execute(DefaultBuildOperationRunner.java:59)
	at org.gradle.internal.operations.DefaultBuildOperationRunner.call(DefaultBuildOperationRunner.java:53)
	at org.gradle.internal.operations.DefaultBuildOperationExecutor.call(DefaultBuildOperationExecutor.java:73)
	at org.gradle.initialization.BuildOperationSettingsProcessor.process(BuildOperationSettingsProcessor.java:46)
	at org.gradle.initialization.DefaultSettingsLoader.findSettingsAndLoadIfAppropriate(DefaultSettingsLoader.java:143)
	at org.gradle.initialization.DefaultSettingsLoader.findAndLoadSettings(DefaultSettingsLoader.java:63)
	at org.gradle.initialization.SettingsAttachingSettingsLoader.findAndLoadSettings(SettingsAttachingSettingsLoader.java:33)
	at org.gradle.internal.composite.CommandLineIncludedBuildSettingsLoader.findAndLoadSettings(CommandLineIncludedBuildSettingsLoader.java:35)
	at org.gradle.internal.composite.ChildBuildRegisteringSettingsLoader.findAndLoadSettings(ChildBuildRegisteringSettingsLoader.java:44)
	at org.gradle.internal.composite.CompositeBuildSettingsLoader.findAndLoadSettings(CompositeBuildSettingsLoader.java:35)
	at org.gradle.initialization.InitScriptHandlingSettingsLoader.findAndLoadSettings(InitScriptHandlingSettingsLoader.java:33)
	at org.gradle.api.internal.initialization.CacheConfigurationsHandlingSettingsLoader.findAndLoadSettings(CacheConfigurationsHandlingSettingsLoader.java:36)
	at org.gradle.initialization.GradlePropertiesHandlingSettingsLoader.findAndLoadSettings(GradlePropertiesHandlingSettingsLoader.java:38)
	at org.gradle.initialization.DefaultSettingsPreparer.prepareSettings(DefaultSettingsPreparer.java:31)
	at org.gradle.initialization.BuildOperationFiringSettingsPreparer$LoadBuild.doLoadBuild(BuildOperationFiringSettingsPreparer.java:71)
	at org.gradle.initialization.BuildOperationFiringSettingsPreparer$LoadBuild.run(BuildOperationFiringSettingsPreparer.java:66)
	at org.gradle.internal.operations.DefaultBuildOperationRunner$1.execute(DefaultBuildOperationRunner.java:29)
	at org.gradle.internal.operations.DefaultBuildOperationRunner$1.execute(DefaultBuildOperationRunner.java:26)
	at org.gradle.internal.operations.DefaultBuildOperationRunner$2.execute(DefaultBuildOperationRunner.java:66)
	at org.gradle.internal.operations.DefaultBuildOperationRunner$2.execute(DefaultBuildOperationRunner.java:59)
	at org.gradle.internal.operations.DefaultBuildOperationRunner.execute(DefaultBuildOperationRunner.java:157)
	at org.gradle.internal.operations.DefaultBuildOperationRunner.execute(DefaultBuildOperationRunner.java:59)
	at org.gradle.internal.operations.DefaultBuildOperationRunner.run(DefaultBuildOperationRunner.java:47)
	at org.gradle.internal.operations.DefaultBuildOperationExecutor.run(DefaultBuildOperationExecutor.java:68)
	at org.gradle.initialization.BuildOperationFiringSettingsPreparer.prepareSettings(BuildOperationFiringSettingsPreparer.java:54)
	at org.gradle.initialization.VintageBuildModelController.lambda$prepareSettings$1(VintageBuildModelController.java:80)
	at org.gradle.internal.model.StateTransitionController.lambda$doTransition$14(StateTransitionController.java:255)
	at org.gradle.internal.model.StateTransitionController.doTransition(StateTransitionController.java:266)
	at org.gradle.internal.model.StateTransitionController.doTransition(StateTransitionController.java:254)
	at org.gradle.internal.model.StateTransitionController.lambda$transitionIfNotPreviously$11(StateTransitionController.java:213)
	at org.gradle.internal.work.DefaultSynchronizer.withLock(DefaultSynchronizer.java:34)
	at org.gradle.internal.model.StateTransitionController.transitionIfNotPreviously(StateTransitionController.java:209)
	at org.gradle.initialization.VintageBuildModelController.prepareSettings(VintageBuildModelController.java:80)
	at org.gradle.initialization.VintageBuildModelController.getLoadedSettings(VintageBuildModelController.java:57)
	at org.gradle.internal.model.StateTransitionController.lambda$notInState$3(StateTransitionController.java:132)
	at org.gradle.internal.work.DefaultSynchronizer.withLock(DefaultSynchronizer.java:44)
	at org.gradle.internal.model.StateTransitionController.notInState(StateTransitionController.java:128)
	at org.gradle.internal.build.DefaultBuildLifecycleController.loadSettings(DefaultBuildLifecycleController.java:115)
	at org.gradle.internal.build.AbstractBuildState.ensureProjectsLoaded(AbstractBuildState.java:115)
	at org.gradle.plugins.ide.internal.tooling.GradleBuildBuilder.create(GradleBuildBuilder.java:58)
	at org.gradle.plugins.ide.internal.tooling.GradleBuildBuilder.create(GradleBuildBuilder.java:38)
	at org.gradle.tooling.provider.model.internal.DefaultToolingModelBuilderRegistry$BuildScopedBuilder.build(DefaultToolingModelBuilderRegistry.java:206)
	at org.gradle.tooling.provider.model.internal.DefaultToolingModelBuilderRegistry$BuildOperationWrappingBuilder$1.call(DefaultToolingModelBuilderRegistry.java:337)
	at org.gradle.internal.operations.DefaultBuildOperationRunner$CallableBuildOperationWorker.execute(DefaultBuildOperationRunner.java:204)
	at org.gradle.internal.operations.DefaultBuildOperationRunner$CallableBuildOperationWorker.execute(DefaultBuildOperationRunner.java:199)
	at org.gradle.internal.operations.DefaultBuildOperationRunner$2.execute(DefaultBuildOperationRunner.java:66)
	at org.gradle.internal.operations.DefaultBuildOperationRunner$2.execute(DefaultBuildOperationRunner.java:59)
	at org.gradle.internal.operations.DefaultBuildOperationRunner.execute(DefaultBuildOperationRunner.java:157)
	at org.gradle.internal.operations.DefaultBuildOperationRunner.execute(DefaultBuildOperationRunner.java:59)
	at org.gradle.internal.operations.DefaultBuildOperationRunner.call(DefaultBuildOperationRunner.java:53)
	at org.gradle.internal.operations.DefaultBuildOperationExecutor.call(DefaultBuildOperationExecutor.java:73)
	at org.gradle.tooling.provider.model.internal.DefaultToolingModelBuilderRegistry$BuildOperationWrappingBuilder.build(DefaultToolingModelBuilderRegistry.java:334)
	at org.gradle.internal.build.DefaultBuildToolingModelController$AbstractToolingScope.getModel(DefaultBuildToolingModelController.java:82)
	at org.gradle.tooling.internal.provider.runner.DefaultBuildController.getModel(DefaultBuildController.java:106)
	at org.gradle.tooling.internal.consumer.connection.ParameterAwareBuildControllerAdapter.getModel(ParameterAwareBuildControllerAdapter.java:39)
	at org.gradle.tooling.internal.consumer.connection.UnparameterizedBuildController.getModel(UnparameterizedBuildController.java:113)
	at org.gradle.tooling.internal.consumer.connection.NestedActionAwareBuildControllerAdapter.getModel(NestedActionAwareBuildControllerAdapter.java:31)
	at org.gradle.tooling.internal.consumer.connection.UnparameterizedBuildController.getModel(UnparameterizedBuildController.java:76)
	at org.gradle.tooling.internal.consumer.connection.NestedActionAwareBuildControllerAdapter.getModel(NestedActionAwareBuildControllerAdapter.java:31)
	at org.gradle.tooling.internal.consumer.connection.UnparameterizedBuildController.getBuildModel(UnparameterizedBuildController.java:71)
	at org.gradle.tooling.internal.consumer.connection.NestedActionAwareBuildControllerAdapter.getBuildModel(NestedActionAwareBuildControllerAdapter.java:31)
	at org.jetbrains.plugins.gradle.model.ProjectImportAction.execute(ProjectImportAction.java:121)
	at org.jetbrains.plugins.gradle.model.ProjectImportAction.execute(ProjectImportAction.java:43)
	at org.gradle.tooling.internal.consumer.connection.InternalBuildActionAdapter.execute(InternalBuildActionAdapter.java:64)
	at org.gradle.tooling.internal.provider.runner.AbstractClientProvidedBuildActionRunner$ActionAdapter.runAction(AbstractClientProvidedBuildActionRunner.java:131)
	at org.gradle.tooling.internal.provider.runner.AbstractClientProvidedBuildActionRunner$ActionAdapter.beforeTasks(AbstractClientProvidedBuildActionRunner.java:99)
	at org.gradle.internal.buildtree.DefaultBuildTreeModelCreator.beforeTasks(DefaultBuildTreeModelCreator.java:52)
	at org.gradle.internal.buildtree.DefaultBuildTreeLifecycleController.lambda$fromBuildModel$2(DefaultBuildTreeLifecycleController.java:74)
	at org.gradle.internal.buildtree.DefaultBuildTreeLifecycleController.lambda$runBuild$4(DefaultBuildTreeLifecycleController.java:98)
	at org.gradle.internal.model.StateTransitionController.lambda$transition$6(StateTransitionController.java:169)
	at org.gradle.internal.model.StateTransitionController.doTransition(StateTransitionController.java:266)
	at org.gradle.internal.model.StateTransitionController.lambda$transition$7(StateTransitionController.java:169)
	at org.gradle.internal.work.DefaultSynchronizer.withLock(DefaultSynchronizer.java:44)
	at org.gradle.internal.model.StateTransitionController.transition(StateTransitionController.java:169)
	at org.gradle.internal.buildtree.DefaultBuildTreeLifecycleController.runBuild(DefaultBuildTreeLifecycleController.java:95)
	at org.gradle.internal.buildtree.DefaultBuildTreeLifecycleController.fromBuildModel(DefaultBuildTreeLifecycleController.java:73)
	at org.gradle.tooling.internal.provider.runner.AbstractClientProvidedBuildActionRunner.runClientAction(AbstractClientProvidedBuildActionRunner.java:43)
	at org.gradle.tooling.internal.provider.runner.ClientProvidedPhasedActionRunner.run(ClientProvidedPhasedActionRunner.java:53)
	at org.gradle.launcher.exec.ChainingBuildActionRunner.run(ChainingBuildActionRunner.java:35)
	at org.gradle.internal.buildtree.ProblemReportingBuildActionRunner.run(ProblemReportingBuildActionRunner.java:49)
	at org.gradle.launcher.exec.BuildOutcomeReportingBuildActionRunner.run(BuildOutcomeReportingBuildActionRunner.java:65)
	at org.gradle.tooling.internal.provider.FileSystemWatchingBuildActionRunner.run(FileSystemWatchingBuildActionRunner.java:140)
	at org.gradle.launcher.exec.BuildCompletionNotifyingBuildActionRunner.run(BuildCompletionNotifyingBuildActionRunner.java:41)
	at org.gradle.launcher.exec.RootBuildLifecycleBuildActionExecutor.lambda$execute$0(RootBuildLifecycleBuildActionExecutor.java:40)
	at org.gradle.composite.internal.DefaultRootBuildState.run(DefaultRootBuildState.java:123)
	at org.gradle.launcher.exec.RootBuildLifecycleBuildActionExecutor.execute(RootBuildLifecycleBuildActionExecutor.java:40)
	at org.gradle.internal.buildtree.InitDeprecationLoggingActionExecutor.execute(InitDeprecationLoggingActionExecutor.java:58)
	at org.gradle.internal.buildtree.DefaultBuildTreeContext.execute(DefaultBuildTreeContext.java:40)
	at org.gradle.launcher.exec.BuildTreeLifecycleBuildActionExecutor.lambda$execute$0(BuildTreeLifecycleBuildActionExecutor.java:65)
	at org.gradle.internal.buildtree.BuildTreeState.run(BuildTreeState.java:58)
	at org.gradle.launcher.exec.BuildTreeLifecycleBuildActionExecutor.execute(BuildTreeLifecycleBuildActionExecutor.java:65)
	at org.gradle.launcher.exec.RunAsBuildOperationBuildActionExecutor$3.call(RunAsBuildOperationBuildActionExecutor.java:61)
	at org.gradle.launcher.exec.RunAsBuildOperationBuildActionExecutor$3.call(RunAsBuildOperationBuildActionExecutor.java:57)
	at org.gradle.internal.operations.DefaultBuildOperationRunner$CallableBuildOperationWorker.execute(DefaultBuildOperationRunner.java:204)
	at org.gradle.internal.operations.DefaultBuildOperationRunner$CallableBuildOperationWorker.execute(DefaultBuildOperationRunner.java:199)
	at org.gradle.internal.operations.DefaultBuildOperationRunner$2.execute(DefaultBuildOperationRunner.java:66)
	at org.gradle.internal.operations.DefaultBuildOperationRunner$2.execute(DefaultBuildOperationRunner.java:59)
	at org.gradle.internal.operations.DefaultBuildOperationRunner.execute(DefaultBuildOperationRunner.java:157)
	at org.gradle.internal.operations.DefaultBuildOperationRunner.execute(DefaultBuildOperationRunner.java:59)
	at org.gradle.internal.operations.DefaultBuildOperationRunner.call(DefaultBuildOperationRunner.java:53)
	at org.gradle.internal.operations.DefaultBuildOperationExecutor.call(DefaultBuildOperationExecutor.java:73)
	at org.gradle.launcher.exec.RunAsBuildOperationBuildActionExecutor.execute(RunAsBuildOperationBuildActionExecutor.java:57)
	at org.gradle.launcher.exec.RunAsWorkerThreadBuildActionExecutor.lambda$execute$0(RunAsWorkerThreadBuildActionExecutor.java:36)
	at org.gradle.internal.work.DefaultWorkerLeaseService.withLocks(DefaultWorkerLeaseService.java:264)
	at org.gradle.internal.work.DefaultWorkerLeaseService.runAsWorkerThread(DefaultWorkerLeaseService.java:128)
	at org.gradle.launcher.exec.RunAsWorkerThreadBuildActionExecutor.execute(RunAsWorkerThreadBuildActionExecutor.java:36)
	at org.gradle.tooling.internal.provider.continuous.ContinuousBuildActionExecutor.execute(ContinuousBuildActionExecutor.java:110)
	at org.gradle.tooling.internal.provider.SubscribableBuildActionExecutor.execute(SubscribableBuildActionExecutor.java:64)
	at org.gradle.internal.session.DefaultBuildSessionContext.execute(DefaultBuildSessionContext.java:46)
	at org.gradle.tooling.internal.provider.BuildSessionLifecycleBuildActionExecuter$ActionImpl.apply(BuildSessionLifecycleBuildActionExecuter.java:92)
	at org.gradle.tooling.internal.provider.BuildSessionLifecycleBuildActionExecuter$ActionImpl.apply(BuildSessionLifecycleBuildActionExecuter.java:80)
	at org.gradle.internal.session.BuildSessionState.run(BuildSessionState.java:69)
	at org.gradle.tooling.internal.provider.BuildSessionLifecycleBuildActionExecuter.execute(BuildSessionLifecycleBuildActionExecuter.java:62)
	at org.gradle.tooling.internal.provider.BuildSessionLifecycleBuildActionExecuter.execute(BuildSessionLifecycleBuildActionExecuter.java:41)
	at org.gradle.tooling.internal.provider.StartParamsValidatingActionExecuter.execute(StartParamsValidatingActionExecuter.java:64)
	at org.gradle.tooling.internal.provider.StartParamsValidatingActionExecuter.execute(StartParamsValidatingActionExecuter.java:32)
	at org.gradle.tooling.internal.provider.SessionFailureReportingActionExecuter.execute(SessionFailureReportingActionExecuter.java:51)
	at org.gradle.tooling.internal.provider.SessionFailureReportingActionExecuter.execute(SessionFailureReportingActionExecuter.java:39)
	at org.gradle.tooling.internal.provider.SetupLoggingActionExecuter.execute(SetupLoggingActionExecuter.java:47)
	at org.gradle.tooling.internal.provider.SetupLoggingActionExecuter.execute(SetupLoggingActionExecuter.java:31)
	at org.gradle.launcher.daemon.server.exec.ExecuteBuild.doBuild(ExecuteBuild.java:65)
	at org.gradle.launcher.daemon.server.exec.BuildCommandOnly.execute(BuildCommandOnly.java:37)
	at org.gradle.launcher.daemon.server.api.DaemonCommandExecution.proceed(DaemonCommandExecution.java:104)
	at org.gradle.launcher.daemon.server.exec.WatchForDisconnection.execute(WatchForDisconnection.java:39)
	at org.gradle.launcher.daemon.server.api.DaemonCommandExecution.proceed(DaemonCommandExecution.java:104)
	at org.gradle.launcher.daemon.server.exec.ResetDeprecationLogger.execute(ResetDeprecationLogger.java:29)
	at org.gradle.launcher.daemon.server.api.DaemonCommandExecution.proceed(DaemonCommandExecution.java:104)
	at org.gradle.launcher.daemon.server.exec.RequestStopIfSingleUsedDaemon.execute(RequestStopIfSingleUsedDaemon.java:35)
	at org.gradle.launcher.daemon.server.api.DaemonCommandExecution.proceed(DaemonCommandExecution.java:104)
	at org.gradle.launcher.daemon.server.exec.ForwardClientInput$2.create(ForwardClientInput.java:78)
	at org.gradle.launcher.daemon.server.exec.ForwardClientInput$2.create(ForwardClientInput.java:75)
	at org.gradle.util.internal.Swapper.swap(Swapper.java:38)
	at org.gradle.launcher.daemon.server.exec.ForwardClientInput.execute(ForwardClientInput.java:75)
	at org.gradle.launcher.daemon.server.api.DaemonCommandExecution.proceed(DaemonCommandExecution.java:104)
	at org.gradle.launcher.daemon.server.exec.LogAndCheckHealth.execute(LogAndCheckHealth.java:64)
	at org.gradle.launcher.daemon.server.api.DaemonCommandExecution.proceed(DaemonCommandExecution.java:104)
	at org.gradle.launcher.daemon.server.exec.LogToClient.doBuild(LogToClient.java:63)
	at org.gradle.launcher.daemon.server.exec.BuildCommandOnly.execute(BuildCommandOnly.java:37)
	at org.gradle.launcher.daemon.server.api.DaemonCommandExecution.proceed(DaemonCommandExecution.java:104)
	at org.gradle.launcher.daemon.server.exec.EstablishBuildEnvironment.doBuild(EstablishBuildEnvironment.java:84)
	at org.gradle.launcher.daemon.server.exec.BuildCommandOnly.execute(BuildCommandOnly.java:37)
	at org.gradle.launcher.daemon.server.api.DaemonCommandExecution.proceed(DaemonCommandExecution.java:104)
	at org.gradle.launcher.daemon.server.exec.StartBuildOrRespondWithBusy$1.run(StartBuildOrRespondWithBusy.java:52)
	at org.gradle.launcher.daemon.server.DaemonStateCoordinator$1.run(DaemonStateCoordinator.java:297)
	at org.gradle.internal.concurrent.ExecutorPolicy$CatchAndRecordFailures.onExecute(ExecutorPolicy.java:64)
	at org.gradle.internal.concurrent.AbstractManagedExecutor$1.run(AbstractManagedExecutor.java:47)
Caused by: java.lang.Exception: React Native needs Node.js >= 18. You're currently on version v16.18.0. Please upgrade Node.js to a supported version and try again.
	at java.base/jdk.internal.reflect.NativeConstructorAccessorImpl.newInstance0(Native Method)
	at java.base/jdk.internal.reflect.NativeConstructorAccessorImpl.newInstance(NativeConstructorAccessorImpl.java:77)
	at java.base/jdk.internal.reflect.DelegatingConstructorAccessorImpl.newInstance(DelegatingConstructorAccessorImpl.java:45)
	at org.gradle.internal.classpath.intercept.CallInterceptorsSet$DecoratingCallSite.access$401(CallInterceptorsSet.java:132)
	at org.gradle.internal.classpath.intercept.CallInterceptorsSet$DecoratingCallSite$4.callOriginal(CallInterceptorsSet.java:184)
	at org.gradle.internal.classpath.intercept.CallInterceptorsSet$1.doIntercept(CallInterceptorsSet.java:56)
	at org.gradle.internal.classpath.intercept.CallInterceptorsSet$DecoratingCallSite.callConstructor(CallInterceptorsSet.java:181)
	at ReactNativeModules.getCommandOutput(/Users/ki-younglee/Desktop/quickC/node_modules/@react-native-community/cli-platform-android/native_modules.gradle:391)
	at ReactNativeModules$getCommandOutput$0.callCurrent(Unknown Source)
	at ReactNativeModules.getReactNativeConfig(/Users/ki-younglee/Desktop/quickC/node_modules/@react-native-community/cli-platform-android/native_modules.gradle:422)
	at ReactNativeModules$getReactNativeConfig.callCurrent(Unknown Source)
	at ReactNativeModules.<init>(/Users/ki-younglee/Desktop/quickC/node_modules/@react-native-community/cli-platform-android/native_modules.gradle:154)
	at java.base/jdk.internal.reflect.NativeConstructorAccessorImpl.newInstance0(Native Method)
	at java.base/jdk.internal.reflect.NativeConstructorAccessorImpl.newInstance(NativeConstructorAccessorImpl.java:77)
	at java.base/jdk.internal.reflect.DelegatingConstructorAccessorImpl.newInstance(DelegatingConstructorAccessorImpl.java:45)
	at org.gradle.internal.classpath.intercept.CallInterceptorsSet$DecoratingCallSite.access$401(CallInterceptorsSet.java:132)
	at org.gradle.internal.classpath.intercept.CallInterceptorsSet$DecoratingCallSite$4.callOriginal(CallInterceptorsSet.java:184)
	at org.gradle.internal.classpath.intercept.CallInterceptorsSet$1.doIntercept(CallInterceptorsSet.java:56)
	at org.gradle.internal.classpath.intercept.CallInterceptorsSet$DecoratingCallSite.callConstructor(CallInterceptorsSet.java:181)
	at native_modules_dghfpoz9bcmppfcvjd9y1m1to.run(/Users/ki-younglee/Desktop/quickC/node_modules/@react-native-community/cli-platform-android/native_modules.gradle:489)
	at org.gradle.groovy.scripts.internal.DefaultScriptRunnerFactory$ScriptRunnerImpl.run(DefaultScriptRunnerFactory.java:91)
	... 195 more


CONFIGURE FAILED in 2s
2024-01-01T03:23:28.850+0900 [DEBUG] [org.gradle.launcher.daemon.server.exec.ExecuteBuild] The daemon has finished executing the build.
2024-01-01T03:23:28.862+0900 [DEBUG] [org.gradle.launcher.daemon.server.DaemonStateCoordinator] daemon is running. Sleeping until state changes.
2024-01-01T03:23:28.862+0900 [DEBUG] [org.gradle.launcher.daemon.server.DaemonStateCoordinator] Command execution: finished waiting for DaemonCommandExecution[command = Build{id=d9a43bcb-40b0-40b5-870d-18b4287bc13b, currentDir=/Users/ki-younglee/Desktop/quickC/android}, connection = DefaultDaemonConnection: socket connection from /127.0.0.1:50646 to /127.0.0.1:50647]. Result org.gradle.launcher.daemon.server.DaemonStateCoordinator@27a81e6c with state Busy
2024-01-01T03:23:28.862+0900 [DEBUG] [org.gradle.launcher.daemon.server.DaemonStateCoordinator] Command execution: completed DaemonCommandExecution[command = Build{id=d9a43bcb-40b0-40b5-870d-18b4287bc13b, currentDir=/Users/ki-younglee/Desktop/quickC/android}, connection = DefaultDaemonConnection: socket connection from /127.0.0.1:50646 to /127.0.0.1:50647]
2024-01-01T03:23:28.862+0900 [DEBUG] [org.gradle.launcher.daemon.server.DaemonStateCoordinator] resetting idle timer
2024-01-01T03:23:28.862+0900 [INFO] [org.gradle.launcher.daemon.server.DaemonRegistryUpdater] Marking the daemon as idle, address: [06832c98-d372-4617-8783-842ac99f4fd6 port:50646, addresses:[localhost/127.0.0.1]]
2024-01-01T03:23:28.862+0900 [DEBUG] [org.gradle.launcher.daemon.registry.PersistentDaemonRegistry] Marking busy by address: [06832c98-d372-4617-8783-842ac99f4fd6 port:50646, addresses:[localhost/127.0.0.1]]
2024-01-01T03:23:28.862+0900 [DEBUG] [org.gradle.cache.internal.DefaultFileLockManager] Waiting to acquire exclusive lock on daemon addresses registry.
2024-01-01T03:23:28.862+0900 [DEBUG] [org.gradle.cache.internal.DefaultFileLockManager] Lock acquired on daemon addresses registry.
2024-01-01T03:23:28.863+0900 [DEBUG] [org.gradle.cache.internal.DefaultFileLockManager] Releasing lock on daemon addresses registry.
2024-01-01T03:23:28.863+0900 [DEBUG] [org.gradle.launcher.daemon.server.DaemonStateCoordinator] daemon is running. Sleeping until state changes.
2024-01-01T03:23:28.863+0900 [DEBUG] [org.gradle.launcher.daemon.server.exec.ReturnResult] Daemon is dispatching the build result: Success[value=org.gradle.launcher.exec.BuildActionResult@50cddac8]
2024-01-01T03:23:28.863+0900 [DEBUG] [org.gradle.launcher.daemon.server.SynchronizedDispatchConnection] thread 20: dispatching Success[value=org.gradle.launcher.exec.BuildActionResult@50cddac8]
2024-01-01T03:23:28.865+0900 [DEBUG] [org.gradle.launcher.daemon.server.DefaultIncomingConnectionHandler] Finishing executing command: Build{id=d9a43bcb-40b0-40b5-870d-18b4287bc13b, currentDir=/Users/ki-younglee/Desktop/quickC/android}
2024-01-01T03:23:28.866+0900 [DEBUG] [org.gradle.launcher.daemon.server.SynchronizedDispatchConnection] thread 21: received class org.gradle.launcher.daemon.protocol.Finished
2024-01-01T03:23:28.866+0900 [DEBUG] [org.gradle.launcher.daemon.server.DefaultDaemonConnection] thread 21: Received non-IO message from client: org.gradle.launcher.daemon.protocol.Finished@624a925a
2024-01-01T03:23:28.867+0900 [DEBUG] [org.gradle.launcher.daemon.server.DefaultIncomingConnectionHandler] Received finished message: org.gradle.launcher.daemon.protocol.Finished@624a925a
2024-01-01T03:23:28.867+0900 [DEBUG] [org.gradle.launcher.daemon.server.SynchronizedDispatchConnection] thread 20: stopping connection
2024-01-01T03:23:28.867+0900 [DEBUG] [org.gradle.internal.remote.internal.inet.SocketConnection] Discarding EOFException: java.io.EOFException
2024-01-01T03:23:28.867+0900 [DEBUG] [org.gradle.launcher.daemon.server.SynchronizedDispatchConnection] thread 21: received null
2024-01-01T03:23:28.867+0900 [DEBUG] [org.gradle.launcher.daemon.server.DefaultDaemonConnection] thread 21: Received end-of-input from client.
2024-01-01T03:23:28.868+0900 [DEBUG] [org.gradle.launcher.daemon.server.SynchronizedDispatchConnection] thread 20: stopping connection
2024-01-01T03:23:29.056+0900 [DEBUG] [org.gradle.internal.remote.internal.inet.TcpIncomingConnector] Accepted connection from /127.0.0.1:50653 to /127.0.0.1:50646.
2024-01-01T03:23:29.058+0900 [DEBUG] [org.gradle.launcher.daemon.server.SynchronizedDispatchConnection] thread 49: received class org.gradle.launcher.daemon.protocol.StopWhenIdle
2024-01-01T03:23:29.058+0900 [DEBUG] [org.gradle.launcher.daemon.server.DefaultDaemonConnection] thread 49: Received non-IO message from client: StopWhenIdle[id=9804d39a-61b8-40a4-ba41-cd108babc4a3]
2024-01-01T03:23:29.058+0900 [INFO] [org.gradle.launcher.daemon.server.DefaultIncomingConnectionHandler] Received command: StopWhenIdle[id=9804d39a-61b8-40a4-ba41-cd108babc4a3].
2024-01-01T03:23:29.058+0900 [DEBUG] [org.gradle.launcher.daemon.server.DefaultIncomingConnectionHandler] Starting executing command: StopWhenIdle[id=9804d39a-61b8-40a4-ba41-cd108babc4a3] with connection: socket connection from /127.0.0.1:50646 to /127.0.0.1:50653.
2024-01-01T03:23:29.058+0900 [DEBUG] [org.gradle.launcher.daemon.server.DaemonRegistryUpdater] Storing daemon stop event: stop command received
2024-01-01T03:23:29.058+0900 [DEBUG] [org.gradle.launcher.daemon.registry.PersistentDaemonRegistry] Storing daemon stop event with timestamp 1704047009059
2024-01-01T03:23:29.059+0900 [DEBUG] [org.gradle.cache.internal.DefaultFileLockManager] Waiting to acquire exclusive lock on daemon addresses registry.
2024-01-01T03:23:29.059+0900 [DEBUG] [org.gradle.cache.internal.DefaultFileLockManager] Lock acquired on daemon addresses registry.
2024-01-01T03:23:29.059+0900 [DEBUG] [org.gradle.cache.internal.DefaultFileLockManager] Releasing lock on daemon addresses registry.
2024-01-01T03:23:29.060+0900 [LIFECYCLE] [org.gradle.launcher.daemon.server.DaemonStateCoordinator] Daemon will be stopped at the end of the build stop command received
2024-01-01T03:23:29.060+0900 [DEBUG] [org.gradle.launcher.daemon.server.DaemonStateCoordinator] Marking daemon stopped due to stop command received. The daemon is running a build: false
2024-01-01T03:23:29.060+0900 [DEBUG] [org.gradle.launcher.daemon.server.DaemonStateCoordinator] daemon has stopped.
2024-01-01T03:23:29.060+0900 [DEBUG] [org.gradle.launcher.daemon.server.SynchronizedDispatchConnection] thread 20: dispatching Success[value=null]
2024-01-01T03:23:29.060+0900 [DEBUG] [org.gradle.launcher.daemon.server.Daemon] stop() called on daemon
2024-01-01T03:23:29.060+0900 [INFO] [org.gradle.launcher.daemon.server.Daemon] Stop requested. Daemon is removing its presence from the registry...
2024-01-01T03:23:29.060+0900 [DEBUG] [org.gradle.launcher.daemon.server.DefaultIncomingConnectionHandler] Finishing executing command: StopWhenIdle[id=9804d39a-61b8-40a4-ba41-cd108babc4a3]
2024-01-01T03:23:29.060+0900 [DEBUG] [org.gradle.launcher.daemon.server.DaemonRegistryUpdater] Removing our presence to clients, eg. removing this address from the registry: [06832c98-d372-4617-8783-842ac99f4fd6 port:50646, addresses:[localhost/127.0.0.1]]
2024-01-01T03:23:29.060+0900 [DEBUG] [org.gradle.launcher.daemon.server.SynchronizedDispatchConnection] thread 49: received class org.gradle.launcher.daemon.protocol.Finished
2024-01-01T03:23:29.060+0900 [DEBUG] [org.gradle.launcher.daemon.registry.PersistentDaemonRegistry] Removing daemon address: [06832c98-d372-4617-8783-842ac99f4fd6 port:50646, addresses:[localhost/127.0.0.1]]
2024-01-01T03:23:29.060+0900 [DEBUG] [org.gradle.launcher.daemon.server.DefaultDaemonConnection] thread 49: Received non-IO message from client: org.gradle.launcher.daemon.protocol.Finished@6b3506cb
2024-01-01T03:23:29.061+0900 [DEBUG] [org.gradle.internal.remote.internal.inet.SocketConnection] Discarding EOFException: java.io.EOFException
2024-01-01T03:23:29.061+0900 [DEBUG] [org.gradle.launcher.daemon.server.SynchronizedDispatchConnection] thread 49: received null
2024-01-01T03:23:29.061+0900 [DEBUG] [org.gradle.launcher.daemon.server.DefaultDaemonConnection] thread 49: Received end-of-input from client.
2024-01-01T03:23:29.061+0900 [DEBUG] [org.gradle.launcher.daemon.server.DefaultIncomingConnectionHandler] Received finished message: org.gradle.launcher.daemon.protocol.Finished@6b3506cb
2024-01-01T03:23:29.061+0900 [DEBUG] [org.gradle.cache.internal.DefaultFileLockManager] Waiting to acquire exclusive lock on daemon addresses registry.
2024-01-01T03:23:29.061+0900 [DEBUG] [org.gradle.launcher.daemon.server.SynchronizedDispatchConnection] thread 20: stopping connection
2024-01-01T03:23:29.061+0900 [DEBUG] [org.gradle.cache.internal.DefaultFileLockManager] Lock acquired on daemon addresses registry.
2024-01-01T03:23:29.061+0900 [DEBUG] [org.gradle.launcher.daemon.server.SynchronizedDispatchConnection] thread 20: stopping connection
2024-01-01T03:23:29.061+0900 [DEBUG] [org.gradle.cache.internal.DefaultFileLockManager] Releasing lock on daemon addresses registry.
2024-01-01T03:23:29.062+0900 [DEBUG] [org.gradle.launcher.daemon.server.DaemonRegistryUpdater] Address removed from registry.
2024-01-01T03:23:29.063+0900 [DEBUG] [org.gradle.cache.internal.LockOnDemandCrossProcessCacheAccess] Releasing file lock for jars (/Users/ki-younglee/Desktop/quickC/android/gradle/wrapper/caches/jars-9)
2024-01-01T03:23:29.063+0900 [DEBUG] [org.gradle.cache.internal.DefaultFileLockManager] Releasing lock on jars (/Users/ki-younglee/Desktop/quickC/android/gradle/wrapper/caches/jars-9).
2024-01-01T03:23:29.063+0900 [DEBUG] [org.gradle.cache.internal.DefaultPersistentDirectoryStore] jars (/Users/ki-younglee/Desktop/quickC/android/gradle/wrapper/caches/jars-9) has last been fully cleaned up 18 hours ago
2024-01-01T03:23:29.064+0900 [DEBUG] [org.gradle.cache.internal.DefaultPersistentDirectoryStore] Artifact transforms cache (/Users/ki-younglee/Desktop/quickC/android/gradle/wrapper/caches/transforms-3) has last been fully cleaned up 18 hours ago
2024-01-01T03:23:29.064+0900 [DEBUG] [org.gradle.cache.internal.DefaultCacheCoordinator] Cache Artifact transforms cache (/Users/ki-younglee/Desktop/quickC/android/gradle/wrapper/caches/transforms-3) was closed 0 times.
2024-01-01T03:23:29.064+0900 [DEBUG] [org.gradle.cache.internal.LockOnDemandCrossProcessCacheAccess] Releasing file lock for file content cache (/Users/ki-younglee/Desktop/quickC/android/gradle/wrapper/caches/8.3/fileContent)
2024-01-01T03:23:29.064+0900 [DEBUG] [org.gradle.cache.internal.DefaultFileLockManager] Releasing lock on file content cache (/Users/ki-younglee/Desktop/quickC/android/gradle/wrapper/caches/8.3/fileContent).
2024-01-01T03:23:29.064+0900 [DEBUG] [org.gradle.internal.watch.vfs.impl.WatchingVirtualFileSystem] Closing VFS, dropping state
2024-01-01T03:23:29.065+0900 [DEBUG] [org.gradle.internal.watch.registry.impl.DefaultFileWatcherRegistry] Finished listening to file system change events
2024-01-01T03:23:29.065+0900 [DEBUG] [org.gradle.cache.internal.DefaultCacheCoordinator] Cache Generated Gradle JARs cache (/Users/ki-younglee/Desktop/quickC/android/gradle/wrapper/caches/8.3/generated-gradle-jars) was closed 0 times.
2024-01-01T03:23:29.065+0900 [DEBUG] [org.gradle.cache.internal.LockOnDemandCrossProcessCacheAccess] Releasing file lock for artifact cache (/Users/ki-younglee/Desktop/quickC/android/gradle/wrapper/caches/modules-2)
2024-01-01T03:23:29.065+0900 [DEBUG] [org.gradle.cache.internal.DefaultFileLockManager] Releasing lock on artifact cache (/Users/ki-younglee/Desktop/quickC/android/gradle/wrapper/caches/modules-2).
2024-01-01T03:23:29.065+0900 [DEBUG] [org.gradle.cache.internal.DefaultPersistentDirectoryStore] artifact cache (/Users/ki-younglee/Desktop/quickC/android/gradle/wrapper/caches/modules-2) has last been fully cleaned up 18 hours ago
2024-01-01T03:23:29.065+0900 [DEBUG] [org.gradle.cache.internal.LockOnDemandCrossProcessCacheAccess] Releasing file lock for journal cache (/Users/ki-younglee/Desktop/quickC/android/gradle/wrapper/caches/journal-1)
2024-01-01T03:23:29.066+0900 [DEBUG] [org.gradle.cache.internal.btree.BTreePersistentIndexedCache] Closing cache file-access.bin (/Users/ki-younglee/Desktop/quickC/android/gradle/wrapper/caches/journal-1/file-access.bin)
2024-01-01T03:23:29.066+0900 [DEBUG] [org.gradle.cache.internal.DefaultFileLockManager] Releasing lock on journal cache (/Users/ki-younglee/Desktop/quickC/android/gradle/wrapper/caches/journal-1).
2024-01-01T03:23:29.066+0900 [DEBUG] [org.gradle.cache.internal.LockOnDemandCrossProcessCacheAccess] Releasing file lock for file hash cache (/Users/ki-younglee/Desktop/quickC/android/gradle/wrapper/caches/8.3/fileHashes)
2024-01-01T03:23:29.066+0900 [DEBUG] [org.gradle.cache.internal.btree.BTreePersistentIndexedCache] Closing cache fileHashes.bin (/Users/ki-younglee/Desktop/quickC/android/gradle/wrapper/caches/8.3/fileHashes/fileHashes.bin)
2024-01-01T03:23:29.066+0900 [DEBUG] [org.gradle.cache.internal.btree.BTreePersistentIndexedCache] Closing cache resourceHashesCache.bin (/Users/ki-younglee/Desktop/quickC/android/gradle/wrapper/caches/8.3/fileHashes/resourceHashesCache.bin)
2024-01-01T03:23:29.066+0900 [DEBUG] [org.gradle.cache.internal.DefaultFileLockManager] Releasing lock on file hash cache (/Users/ki-younglee/Desktop/quickC/android/gradle/wrapper/caches/8.3/fileHashes).
2024-01-01T03:23:29.067+0900 [DEBUG] [org.gradle.cache.internal.LockOnDemandCrossProcessCacheAccess] Releasing file lock for execution history cache (/Users/ki-younglee/Desktop/quickC/android/gradle/wrapper/caches/8.3/executionHistory)
2024-01-01T03:23:29.067+0900 [DEBUG] [org.gradle.cache.internal.DefaultFileLockManager] Releasing lock on execution history cache (/Users/ki-younglee/Desktop/quickC/android/gradle/wrapper/caches/8.3/executionHistory).
Daemon vm is shutting down... The daemon has exited normally or was terminated in response to a user interrupt.
2024-01-01T03:23:29.067+0900 [DEBUG] [org.gradle.launcher.daemon.registry.PersistentDaemonRegistry] Removing daemon address: [06832c98-d372-4617-8783-842ac99f4fd6 port:50646, addresses:[localhost/127.0.0.1]]
2024-01-01T03:23:29.068+0900 [DEBUG] [org.gradle.cache.internal.DefaultFileLockManager] Waiting to acquire exclusive lock on daemon addresses registry.
2024-01-01T03:23:29.068+0900 [DEBUG] [org.gradle.cache.internal.DefaultFileLockManager] Lock acquired on daemon addresses registry.
2024-01-01T03:23:29.068+0900 [DEBUG] [org.gradle.cache.internal.DefaultFileLockManager] Releasing lock on daemon addresses registry.
